[0.106s] DEBUG:colcon:Command line arguments: ['/usr/bin/colcon', 'list', '--base-paths', '/home/klaxalk/ws/install/..']
[0.106s] DEBUG:colcon:Parsed command line arguments: Namespace(log_base=None, log_level=None, verb_name='list', build_base='build', ignore_user_meta=False, metas=['./colcon.meta'], base_paths=['/home/klaxalk/ws/install/..'], packages_ignore=None, packages_ignore_regex=None, paths=None, packages_up_to=None, packages_up_to_regex=None, packages_above=None, packages_above_and_dependencies=None, packages_above_depth=None, packages_select_by_dep=None, packages_skip_by_dep=None, packages_skip_up_to=None, packages_select_build_failed=False, packages_skip_build_finished=False, packages_select_test_failures=False, packages_skip_test_passed=False, packages_select=None, packages_skip=None, packages_select_regex=None, packages_skip_regex=None, packages_start=None, packages_end=None, allow_overriding=[], topological_order=False, names_only=False, paths_only=False, topological_graph=False, topological_graph_dot=False, topological_graph_density=False, topological_graph_legend=False, topological_graph_dot_cluster=False, topological_graph_dot_include_skipped=False, mixin_files=None, mixin=None, verb_parser=<colcon_mixin.mixin.mixin_argument.MixinArgumentDecorator object at 0x74bd11fd31a0>, verb_extension=<colcon_package_information.verb.list.ListVerb object at 0x74bd11f715e0>, main=<bound method ListVerb.main of <colcon_package_information.verb.list.ListVerb object at 0x74bd11f715e0>>, mixin_verb=('list',))
[0.143s] Level 1:colcon.colcon_core.package_discovery:discover_packages(colcon_meta) check parameters
[0.143s] Level 1:colcon.colcon_core.package_discovery:discover_packages(recursive) check parameters
[0.143s] Level 1:colcon.colcon_core.package_discovery:discover_packages(ignore) check parameters
[0.143s] Level 1:colcon.colcon_core.package_discovery:discover_packages(path) check parameters
[0.143s] Level 1:colcon.colcon_core.package_discovery:discover_packages(recursive) discover
[0.143s] INFO:colcon.colcon_core.package_discovery:Crawling recursively for packages in '/home/klaxalk/ws'
[0.143s] Level 1:colcon.colcon_core.package_identification:_identify(/home/klaxalk/ws/install/..) by extensions ['ignore', 'ignore_ament_install']
[0.144s] Level 1:colcon.colcon_core.package_identification:_identify(/home/klaxalk/ws/install/..) by extension 'ignore'
[0.144s] Level 1:colcon.colcon_core.package_identification:_identify(/home/klaxalk/ws/install/..) by extension 'ignore_ament_install'
[0.144s] Level 1:colcon.colcon_core.package_identification:_identify(/home/klaxalk/ws/install/..) by extensions ['colcon_pkg']
[0.144s] Level 1:colcon.colcon_core.package_identification:_identify(/home/klaxalk/ws/install/..) by extension 'colcon_pkg'
[0.144s] Level 1:colcon.colcon_core.package_identification:_identify(/home/klaxalk/ws/install/..) by extensions ['colcon_meta']
[0.144s] Level 1:colcon.colcon_core.package_identification:_identify(/home/klaxalk/ws/install/..) by extension 'colcon_meta'
[0.144s] Level 1:colcon.colcon_core.package_identification:_identify(/home/klaxalk/ws/install/..) by extensions ['ros']
[0.144s] Level 1:colcon.colcon_core.package_identification:_identify(/home/klaxalk/ws/install/..) by extension 'ros'
[0.170s] Level 1:colcon.colcon_core.package_identification:_identify(/home/klaxalk/ws/install/..) by extensions ['cmake', 'python']
[0.170s] Level 1:colcon.colcon_core.package_identification:_identify(/home/klaxalk/ws/install/..) by extension 'cmake'
[0.170s] Level 1:colcon.colcon_core.package_identification:_identify(/home/klaxalk/ws/install/..) by extension 'python'
[0.170s] Level 1:colcon.colcon_core.package_identification:_identify(/home/klaxalk/ws/install/..) by extensions ['python_setup_py']
[0.170s] Level 1:colcon.colcon_core.package_identification:_identify(/home/klaxalk/ws/install/..) by extension 'python_setup_py'
[0.170s] Level 1:colcon.colcon_core.package_identification:_identify(/home/klaxalk/ws/install/../build) by extensions ['ignore', 'ignore_ament_install']
[0.170s] Level 1:colcon.colcon_core.package_identification:_identify(/home/klaxalk/ws/install/../build) by extension 'ignore'
[0.170s] Level 1:colcon.colcon_core.package_identification:_identify(/home/klaxalk/ws/install/../build) ignored
[0.170s] Level 1:colcon.colcon_core.package_identification:_identify(/home/klaxalk/ws/install/../install) by extensions ['ignore', 'ignore_ament_install']
[0.170s] Level 1:colcon.colcon_core.package_identification:_identify(/home/klaxalk/ws/install/../install) by extension 'ignore'
[0.170s] Level 1:colcon.colcon_core.package_identification:_identify(/home/klaxalk/ws/install/../install) ignored
[0.182s] Level 1:colcon.colcon_core.package_identification:_identify(/home/klaxalk/ws/install/../log) by extensions ['ignore', 'ignore_ament_install']
[0.182s] Level 1:colcon.colcon_core.package_identification:_identify(/home/klaxalk/ws/install/../log) by extension 'ignore'
[0.182s] Level 1:colcon.colcon_core.package_identification:_identify(/home/klaxalk/ws/install/../log) ignored
[0.182s] Level 1:colcon.colcon_core.package_identification:_identify(/home/klaxalk/ws/install/../src) by extensions ['ignore', 'ignore_ament_install']
[0.183s] Level 1:colcon.colcon_core.package_identification:_identify(/home/klaxalk/ws/install/../src) by extension 'ignore'
[0.183s] Level 1:colcon.colcon_core.package_identification:_identify(/home/klaxalk/ws/install/../src) by extension 'ignore_ament_install'
[0.183s] Level 1:colcon.colcon_core.package_identification:_identify(/home/klaxalk/ws/install/../src) by extensions ['colcon_pkg']
[0.183s] Level 1:colcon.colcon_core.package_identification:_identify(/home/klaxalk/ws/install/../src) by extension 'colcon_pkg'
[0.183s] Level 1:colcon.colcon_core.package_identification:_identify(/home/klaxalk/ws/install/../src) by extensions ['colcon_meta']
[0.183s] Level 1:colcon.colcon_core.package_identification:_identify(/home/klaxalk/ws/install/../src) by extension 'colcon_meta'
[0.183s] Level 1:colcon.colcon_core.package_identification:_identify(/home/klaxalk/ws/install/../src) by extensions ['ros']
[0.183s] Level 1:colcon.colcon_core.package_identification:_identify(/home/klaxalk/ws/install/../src) by extension 'ros'
[0.183s] Level 1:colcon.colcon_core.package_identification:_identify(/home/klaxalk/ws/install/../src) by extensions ['cmake', 'python']
[0.183s] Level 1:colcon.colcon_core.package_identification:_identify(/home/klaxalk/ws/install/../src) by extension 'cmake'
[0.183s] Level 1:colcon.colcon_core.package_identification:_identify(/home/klaxalk/ws/install/../src) by extension 'python'
[0.183s] Level 1:colcon.colcon_core.package_identification:_identify(/home/klaxalk/ws/install/../src) by extensions ['python_setup_py']
[0.183s] Level 1:colcon.colcon_core.package_identification:_identify(/home/klaxalk/ws/install/../src) by extension 'python_setup_py'
[0.183s] Level 1:colcon.colcon_core.package_identification:_identify(/home/klaxalk/ws/install/../src/mrs_modules_msgs) by extensions ['ignore', 'ignore_ament_install']
[0.183s] Level 1:colcon.colcon_core.package_identification:_identify(/home/klaxalk/ws/install/../src/mrs_modules_msgs) by extension 'ignore'
[0.183s] Level 1:colcon.colcon_core.package_identification:_identify(/home/klaxalk/ws/install/../src/mrs_modules_msgs) by extension 'ignore_ament_install'
[0.183s] Level 1:colcon.colcon_core.package_identification:_identify(/home/klaxalk/ws/install/../src/mrs_modules_msgs) by extensions ['colcon_pkg']
[0.183s] Level 1:colcon.colcon_core.package_identification:_identify(/home/klaxalk/ws/install/../src/mrs_modules_msgs) by extension 'colcon_pkg'
[0.183s] Level 1:colcon.colcon_core.package_identification:_identify(/home/klaxalk/ws/install/../src/mrs_modules_msgs) by extensions ['colcon_meta']
[0.183s] Level 1:colcon.colcon_core.package_identification:_identify(/home/klaxalk/ws/install/../src/mrs_modules_msgs) by extension 'colcon_meta'
[0.183s] Level 1:colcon.colcon_core.package_identification:_identify(/home/klaxalk/ws/install/../src/mrs_modules_msgs) by extensions ['ros']
[0.183s] Level 1:colcon.colcon_core.package_identification:_identify(/home/klaxalk/ws/install/../src/mrs_modules_msgs) by extension 'ros'
[0.188s] DEBUG:colcon.colcon_core.package_identification:Package '/home/klaxalk/ws/install/../src/mrs_modules_msgs' with type 'ros.ament_cmake' and name 'mrs_modules_msgs'
[0.188s] Level 1:colcon.colcon_core.package_identification:_identify(/home/klaxalk/ws/install/../src/mrs_serial) by extensions ['ignore', 'ignore_ament_install']
[0.188s] Level 1:colcon.colcon_core.package_identification:_identify(/home/klaxalk/ws/install/../src/mrs_serial) by extension 'ignore'
[0.188s] Level 1:colcon.colcon_core.package_identification:_identify(/home/klaxalk/ws/install/../src/mrs_serial) by extension 'ignore_ament_install'
[0.188s] Level 1:colcon.colcon_core.package_identification:_identify(/home/klaxalk/ws/install/../src/mrs_serial) by extensions ['colcon_pkg']
[0.188s] Level 1:colcon.colcon_core.package_identification:_identify(/home/klaxalk/ws/install/../src/mrs_serial) by extension 'colcon_pkg'
[0.188s] Level 1:colcon.colcon_core.package_identification:_identify(/home/klaxalk/ws/install/../src/mrs_serial) by extensions ['colcon_meta']
[0.188s] Level 1:colcon.colcon_core.package_identification:_identify(/home/klaxalk/ws/install/../src/mrs_serial) by extension 'colcon_meta'
[0.188s] Level 1:colcon.colcon_core.package_identification:_identify(/home/klaxalk/ws/install/../src/mrs_serial) by extensions ['ros']
[0.188s] Level 1:colcon.colcon_core.package_identification:_identify(/home/klaxalk/ws/install/../src/mrs_serial) by extension 'ros'
[0.191s] DEBUG:colcon.colcon_core.package_identification:Package '/home/klaxalk/ws/install/../src/mrs_serial' with type 'ros.ament_cmake' and name 'mrs_serial'
[0.191s] Level 1:colcon.colcon_core.package_identification:_identify(/home/klaxalk/ws/install/../src/mrs_uav_core) by extensions ['ignore', 'ignore_ament_install']
[0.191s] Level 1:colcon.colcon_core.package_identification:_identify(/home/klaxalk/ws/install/../src/mrs_uav_core) by extension 'ignore'
[0.191s] Level 1:colcon.colcon_core.package_identification:_identify(/home/klaxalk/ws/install/../src/mrs_uav_core) by extension 'ignore_ament_install'
[0.191s] Level 1:colcon.colcon_core.package_identification:_identify(/home/klaxalk/ws/install/../src/mrs_uav_core) by extensions ['colcon_pkg']
[0.191s] Level 1:colcon.colcon_core.package_identification:_identify(/home/klaxalk/ws/install/../src/mrs_uav_core) by extension 'colcon_pkg'
[0.191s] Level 1:colcon.colcon_core.package_identification:_identify(/home/klaxalk/ws/install/../src/mrs_uav_core) by extensions ['colcon_meta']
[0.191s] Level 1:colcon.colcon_core.package_identification:_identify(/home/klaxalk/ws/install/../src/mrs_uav_core) by extension 'colcon_meta'
[0.191s] Level 1:colcon.colcon_core.package_identification:_identify(/home/klaxalk/ws/install/../src/mrs_uav_core) by extensions ['ros']
[0.191s] Level 1:colcon.colcon_core.package_identification:_identify(/home/klaxalk/ws/install/../src/mrs_uav_core) by extension 'ros'
[0.191s] Level 1:colcon.colcon_core.package_identification:_identify(/home/klaxalk/ws/install/../src/mrs_uav_core) by extensions ['cmake', 'python']
[0.191s] Level 1:colcon.colcon_core.package_identification:_identify(/home/klaxalk/ws/install/../src/mrs_uav_core) by extension 'cmake'
[0.191s] Level 1:colcon.colcon_core.package_identification:_identify(/home/klaxalk/ws/install/../src/mrs_uav_core) by extension 'python'
[0.191s] Level 1:colcon.colcon_core.package_identification:_identify(/home/klaxalk/ws/install/../src/mrs_uav_core) by extensions ['python_setup_py']
[0.191s] Level 1:colcon.colcon_core.package_identification:_identify(/home/klaxalk/ws/install/../src/mrs_uav_core) by extension 'python_setup_py'
[0.192s] Level 1:colcon.colcon_core.package_identification:_identify(/home/klaxalk/ws/install/../src/mrs_uav_core/ros_packages) by extensions ['ignore', 'ignore_ament_install']
[0.192s] Level 1:colcon.colcon_core.package_identification:_identify(/home/klaxalk/ws/install/../src/mrs_uav_core/ros_packages) by extension 'ignore'
[0.192s] Level 1:colcon.colcon_core.package_identification:_identify(/home/klaxalk/ws/install/../src/mrs_uav_core/ros_packages) by extension 'ignore_ament_install'
[0.192s] Level 1:colcon.colcon_core.package_identification:_identify(/home/klaxalk/ws/install/../src/mrs_uav_core/ros_packages) by extensions ['colcon_pkg']
[0.192s] Level 1:colcon.colcon_core.package_identification:_identify(/home/klaxalk/ws/install/../src/mrs_uav_core/ros_packages) by extension 'colcon_pkg'
[0.192s] Level 1:colcon.colcon_core.package_identification:_identify(/home/klaxalk/ws/install/../src/mrs_uav_core/ros_packages) by extensions ['colcon_meta']
[0.192s] Level 1:colcon.colcon_core.package_identification:_identify(/home/klaxalk/ws/install/../src/mrs_uav_core/ros_packages) by extension 'colcon_meta'
[0.192s] Level 1:colcon.colcon_core.package_identification:_identify(/home/klaxalk/ws/install/../src/mrs_uav_core/ros_packages) by extensions ['ros']
[0.192s] Level 1:colcon.colcon_core.package_identification:_identify(/home/klaxalk/ws/install/../src/mrs_uav_core/ros_packages) by extension 'ros'
[0.192s] Level 1:colcon.colcon_core.package_identification:_identify(/home/klaxalk/ws/install/../src/mrs_uav_core/ros_packages) by extensions ['cmake', 'python']
[0.192s] Level 1:colcon.colcon_core.package_identification:_identify(/home/klaxalk/ws/install/../src/mrs_uav_core/ros_packages) by extension 'cmake'
[0.192s] Level 1:colcon.colcon_core.package_identification:_identify(/home/klaxalk/ws/install/../src/mrs_uav_core/ros_packages) by extension 'python'
[0.192s] Level 1:colcon.colcon_core.package_identification:_identify(/home/klaxalk/ws/install/../src/mrs_uav_core/ros_packages) by extensions ['python_setup_py']
[0.192s] Level 1:colcon.colcon_core.package_identification:_identify(/home/klaxalk/ws/install/../src/mrs_uav_core/ros_packages) by extension 'python_setup_py'
[0.192s] Level 1:colcon.colcon_core.package_identification:_identify(/home/klaxalk/ws/install/../src/mrs_uav_core/ros_packages/log) by extensions ['ignore', 'ignore_ament_install']
[0.192s] Level 1:colcon.colcon_core.package_identification:_identify(/home/klaxalk/ws/install/../src/mrs_uav_core/ros_packages/log) by extension 'ignore'
[0.192s] Level 1:colcon.colcon_core.package_identification:_identify(/home/klaxalk/ws/install/../src/mrs_uav_core/ros_packages/log) ignored
[0.192s] Level 1:colcon.colcon_core.package_identification:_identify(/home/klaxalk/ws/install/../src/mrs_uav_core/ros_packages/mrs_lib) by extensions ['ignore', 'ignore_ament_install']
[0.192s] Level 1:colcon.colcon_core.package_identification:_identify(/home/klaxalk/ws/install/../src/mrs_uav_core/ros_packages/mrs_lib) by extension 'ignore'
[0.192s] Level 1:colcon.colcon_core.package_identification:_identify(/home/klaxalk/ws/install/../src/mrs_uav_core/ros_packages/mrs_lib) by extension 'ignore_ament_install'
[0.192s] Level 1:colcon.colcon_core.package_identification:_identify(/home/klaxalk/ws/install/../src/mrs_uav_core/ros_packages/mrs_lib) by extensions ['colcon_pkg']
[0.192s] Level 1:colcon.colcon_core.package_identification:_identify(/home/klaxalk/ws/install/../src/mrs_uav_core/ros_packages/mrs_lib) by extension 'colcon_pkg'
[0.192s] Level 1:colcon.colcon_core.package_identification:_identify(/home/klaxalk/ws/install/../src/mrs_uav_core/ros_packages/mrs_lib) by extensions ['colcon_meta']
[0.192s] Level 1:colcon.colcon_core.package_identification:_identify(/home/klaxalk/ws/install/../src/mrs_uav_core/ros_packages/mrs_lib) by extension 'colcon_meta'
[0.192s] Level 1:colcon.colcon_core.package_identification:_identify(/home/klaxalk/ws/install/../src/mrs_uav_core/ros_packages/mrs_lib) by extensions ['ros']
[0.192s] Level 1:colcon.colcon_core.package_identification:_identify(/home/klaxalk/ws/install/../src/mrs_uav_core/ros_packages/mrs_lib) by extension 'ros'
[0.193s] DEBUG:colcon.colcon_core.package_identification:Package '/home/klaxalk/ws/install/../src/mrs_uav_core/ros_packages/mrs_lib' with type 'ros.ament_cmake' and name 'mrs_lib'
[0.193s] Level 1:colcon.colcon_core.package_identification:_identify(/home/klaxalk/ws/install/../src/mrs_uav_core/ros_packages/mrs_msgs) by extensions ['ignore', 'ignore_ament_install']
[0.193s] Level 1:colcon.colcon_core.package_identification:_identify(/home/klaxalk/ws/install/../src/mrs_uav_core/ros_packages/mrs_msgs) by extension 'ignore'
[0.193s] Level 1:colcon.colcon_core.package_identification:_identify(/home/klaxalk/ws/install/../src/mrs_uav_core/ros_packages/mrs_msgs) by extension 'ignore_ament_install'
[0.193s] Level 1:colcon.colcon_core.package_identification:_identify(/home/klaxalk/ws/install/../src/mrs_uav_core/ros_packages/mrs_msgs) by extensions ['colcon_pkg']
[0.193s] Level 1:colcon.colcon_core.package_identification:_identify(/home/klaxalk/ws/install/../src/mrs_uav_core/ros_packages/mrs_msgs) by extension 'colcon_pkg'
[0.193s] Level 1:colcon.colcon_core.package_identification:_identify(/home/klaxalk/ws/install/../src/mrs_uav_core/ros_packages/mrs_msgs) by extensions ['colcon_meta']
[0.193s] Level 1:colcon.colcon_core.package_identification:_identify(/home/klaxalk/ws/install/../src/mrs_uav_core/ros_packages/mrs_msgs) by extension 'colcon_meta'
[0.193s] Level 1:colcon.colcon_core.package_identification:_identify(/home/klaxalk/ws/install/../src/mrs_uav_core/ros_packages/mrs_msgs) by extensions ['ros']
[0.193s] Level 1:colcon.colcon_core.package_identification:_identify(/home/klaxalk/ws/install/../src/mrs_uav_core/ros_packages/mrs_msgs) by extension 'ros'
[0.194s] DEBUG:colcon.colcon_core.package_identification:Package '/home/klaxalk/ws/install/../src/mrs_uav_core/ros_packages/mrs_msgs' with type 'ros.ament_cmake' and name 'mrs_msgs'
[0.195s] Level 1:colcon.colcon_core.package_identification:_identify(/home/klaxalk/ws/install/../src/mrs_uav_core/ros_packages/mrs_multirotor_simulator) by extensions ['ignore', 'ignore_ament_install']
[0.195s] Level 1:colcon.colcon_core.package_identification:_identify(/home/klaxalk/ws/install/../src/mrs_uav_core/ros_packages/mrs_multirotor_simulator) by extension 'ignore'
[0.195s] Level 1:colcon.colcon_core.package_identification:_identify(/home/klaxalk/ws/install/../src/mrs_uav_core/ros_packages/mrs_multirotor_simulator) by extension 'ignore_ament_install'
[0.195s] Level 1:colcon.colcon_core.package_identification:_identify(/home/klaxalk/ws/install/../src/mrs_uav_core/ros_packages/mrs_multirotor_simulator) by extensions ['colcon_pkg']
[0.195s] Level 1:colcon.colcon_core.package_identification:_identify(/home/klaxalk/ws/install/../src/mrs_uav_core/ros_packages/mrs_multirotor_simulator) by extension 'colcon_pkg'
[0.195s] Level 1:colcon.colcon_core.package_identification:_identify(/home/klaxalk/ws/install/../src/mrs_uav_core/ros_packages/mrs_multirotor_simulator) by extensions ['colcon_meta']
[0.195s] Level 1:colcon.colcon_core.package_identification:_identify(/home/klaxalk/ws/install/../src/mrs_uav_core/ros_packages/mrs_multirotor_simulator) by extension 'colcon_meta'
[0.195s] Level 1:colcon.colcon_core.package_identification:_identify(/home/klaxalk/ws/install/../src/mrs_uav_core/ros_packages/mrs_multirotor_simulator) by extensions ['ros']
[0.195s] Level 1:colcon.colcon_core.package_identification:_identify(/home/klaxalk/ws/install/../src/mrs_uav_core/ros_packages/mrs_multirotor_simulator) by extension 'ros'
[0.196s] DEBUG:colcon.colcon_core.package_identification:Package '/home/klaxalk/ws/install/../src/mrs_uav_core/ros_packages/mrs_multirotor_simulator' with type 'ros.ament_cmake' and name 'mrs_multirotor_simulator'
[0.196s] Level 1:colcon.colcon_core.package_identification:_identify(/home/klaxalk/ws/install/../src/mrs_uav_core/ros_packages/mrs_uav_autostart) by extensions ['ignore', 'ignore_ament_install']
[0.196s] Level 1:colcon.colcon_core.package_identification:_identify(/home/klaxalk/ws/install/../src/mrs_uav_core/ros_packages/mrs_uav_autostart) by extension 'ignore'
[0.196s] Level 1:colcon.colcon_core.package_identification:_identify(/home/klaxalk/ws/install/../src/mrs_uav_core/ros_packages/mrs_uav_autostart) by extension 'ignore_ament_install'
[0.196s] Level 1:colcon.colcon_core.package_identification:_identify(/home/klaxalk/ws/install/../src/mrs_uav_core/ros_packages/mrs_uav_autostart) by extensions ['colcon_pkg']
[0.196s] Level 1:colcon.colcon_core.package_identification:_identify(/home/klaxalk/ws/install/../src/mrs_uav_core/ros_packages/mrs_uav_autostart) by extension 'colcon_pkg'
[0.196s] Level 1:colcon.colcon_core.package_identification:_identify(/home/klaxalk/ws/install/../src/mrs_uav_core/ros_packages/mrs_uav_autostart) by extensions ['colcon_meta']
[0.196s] Level 1:colcon.colcon_core.package_identification:_identify(/home/klaxalk/ws/install/../src/mrs_uav_core/ros_packages/mrs_uav_autostart) by extension 'colcon_meta'
[0.196s] Level 1:colcon.colcon_core.package_identification:_identify(/home/klaxalk/ws/install/../src/mrs_uav_core/ros_packages/mrs_uav_autostart) by extensions ['ros']
[0.196s] Level 1:colcon.colcon_core.package_identification:_identify(/home/klaxalk/ws/install/../src/mrs_uav_core/ros_packages/mrs_uav_autostart) by extension 'ros'
[0.197s] DEBUG:colcon.colcon_core.package_identification:Package '/home/klaxalk/ws/install/../src/mrs_uav_core/ros_packages/mrs_uav_autostart' with type 'ros.ament_cmake' and name 'mrs_uav_autostart'
[0.197s] Level 1:colcon.colcon_core.package_identification:_identify(/home/klaxalk/ws/install/../src/mrs_uav_core/ros_packages/mrs_uav_controllers) by extensions ['ignore', 'ignore_ament_install']
[0.197s] Level 1:colcon.colcon_core.package_identification:_identify(/home/klaxalk/ws/install/../src/mrs_uav_core/ros_packages/mrs_uav_controllers) by extension 'ignore'
[0.197s] Level 1:colcon.colcon_core.package_identification:_identify(/home/klaxalk/ws/install/../src/mrs_uav_core/ros_packages/mrs_uav_controllers) by extension 'ignore_ament_install'
[0.197s] Level 1:colcon.colcon_core.package_identification:_identify(/home/klaxalk/ws/install/../src/mrs_uav_core/ros_packages/mrs_uav_controllers) by extensions ['colcon_pkg']
[0.197s] Level 1:colcon.colcon_core.package_identification:_identify(/home/klaxalk/ws/install/../src/mrs_uav_core/ros_packages/mrs_uav_controllers) by extension 'colcon_pkg'
[0.197s] Level 1:colcon.colcon_core.package_identification:_identify(/home/klaxalk/ws/install/../src/mrs_uav_core/ros_packages/mrs_uav_controllers) by extensions ['colcon_meta']
[0.197s] Level 1:colcon.colcon_core.package_identification:_identify(/home/klaxalk/ws/install/../src/mrs_uav_core/ros_packages/mrs_uav_controllers) by extension 'colcon_meta'
[0.197s] Level 1:colcon.colcon_core.package_identification:_identify(/home/klaxalk/ws/install/../src/mrs_uav_core/ros_packages/mrs_uav_controllers) by extensions ['ros']
[0.197s] Level 1:colcon.colcon_core.package_identification:_identify(/home/klaxalk/ws/install/../src/mrs_uav_core/ros_packages/mrs_uav_controllers) by extension 'ros'
[0.199s] DEBUG:colcon.colcon_core.package_identification:Package '/home/klaxalk/ws/install/../src/mrs_uav_core/ros_packages/mrs_uav_controllers' with type 'ros.ament_cmake' and name 'mrs_uav_controllers'
[0.199s] Level 1:colcon.colcon_core.package_identification:_identify(/home/klaxalk/ws/install/../src/mrs_uav_core/ros_packages/mrs_uav_core) by extensions ['ignore', 'ignore_ament_install']
[0.199s] Level 1:colcon.colcon_core.package_identification:_identify(/home/klaxalk/ws/install/../src/mrs_uav_core/ros_packages/mrs_uav_core) by extension 'ignore'
[0.199s] Level 1:colcon.colcon_core.package_identification:_identify(/home/klaxalk/ws/install/../src/mrs_uav_core/ros_packages/mrs_uav_core) by extension 'ignore_ament_install'
[0.199s] Level 1:colcon.colcon_core.package_identification:_identify(/home/klaxalk/ws/install/../src/mrs_uav_core/ros_packages/mrs_uav_core) by extensions ['colcon_pkg']
[0.199s] Level 1:colcon.colcon_core.package_identification:_identify(/home/klaxalk/ws/install/../src/mrs_uav_core/ros_packages/mrs_uav_core) by extension 'colcon_pkg'
[0.199s] Level 1:colcon.colcon_core.package_identification:_identify(/home/klaxalk/ws/install/../src/mrs_uav_core/ros_packages/mrs_uav_core) by extensions ['colcon_meta']
[0.199s] Level 1:colcon.colcon_core.package_identification:_identify(/home/klaxalk/ws/install/../src/mrs_uav_core/ros_packages/mrs_uav_core) by extension 'colcon_meta'
[0.199s] Level 1:colcon.colcon_core.package_identification:_identify(/home/klaxalk/ws/install/../src/mrs_uav_core/ros_packages/mrs_uav_core) by extensions ['ros']
[0.199s] Level 1:colcon.colcon_core.package_identification:_identify(/home/klaxalk/ws/install/../src/mrs_uav_core/ros_packages/mrs_uav_core) by extension 'ros'
[0.200s] DEBUG:colcon.colcon_core.package_identification:Package '/home/klaxalk/ws/install/../src/mrs_uav_core/ros_packages/mrs_uav_core' with type 'ros.ament_cmake' and name 'mrs_uav_core'
[0.201s] Level 1:colcon.colcon_core.package_identification:_identify(/home/klaxalk/ws/install/../src/mrs_uav_core/ros_packages/mrs_uav_hw_api) by extensions ['ignore', 'ignore_ament_install']
[0.201s] Level 1:colcon.colcon_core.package_identification:_identify(/home/klaxalk/ws/install/../src/mrs_uav_core/ros_packages/mrs_uav_hw_api) by extension 'ignore'
[0.201s] Level 1:colcon.colcon_core.package_identification:_identify(/home/klaxalk/ws/install/../src/mrs_uav_core/ros_packages/mrs_uav_hw_api) by extension 'ignore_ament_install'
[0.201s] Level 1:colcon.colcon_core.package_identification:_identify(/home/klaxalk/ws/install/../src/mrs_uav_core/ros_packages/mrs_uav_hw_api) by extensions ['colcon_pkg']
[0.201s] Level 1:colcon.colcon_core.package_identification:_identify(/home/klaxalk/ws/install/../src/mrs_uav_core/ros_packages/mrs_uav_hw_api) by extension 'colcon_pkg'
[0.201s] Level 1:colcon.colcon_core.package_identification:_identify(/home/klaxalk/ws/install/../src/mrs_uav_core/ros_packages/mrs_uav_hw_api) by extensions ['colcon_meta']
[0.201s] Level 1:colcon.colcon_core.package_identification:_identify(/home/klaxalk/ws/install/../src/mrs_uav_core/ros_packages/mrs_uav_hw_api) by extension 'colcon_meta'
[0.201s] Level 1:colcon.colcon_core.package_identification:_identify(/home/klaxalk/ws/install/../src/mrs_uav_core/ros_packages/mrs_uav_hw_api) by extensions ['ros']
[0.201s] Level 1:colcon.colcon_core.package_identification:_identify(/home/klaxalk/ws/install/../src/mrs_uav_core/ros_packages/mrs_uav_hw_api) by extension 'ros'
[0.202s] DEBUG:colcon.colcon_core.package_identification:Package '/home/klaxalk/ws/install/../src/mrs_uav_core/ros_packages/mrs_uav_hw_api' with type 'ros.ament_cmake' and name 'mrs_uav_hw_api'
[0.202s] Level 1:colcon.colcon_core.package_identification:_identify(/home/klaxalk/ws/install/../src/mrs_uav_core/ros_packages/mrs_uav_managers) by extensions ['ignore', 'ignore_ament_install']
[0.202s] Level 1:colcon.colcon_core.package_identification:_identify(/home/klaxalk/ws/install/../src/mrs_uav_core/ros_packages/mrs_uav_managers) by extension 'ignore'
[0.202s] Level 1:colcon.colcon_core.package_identification:_identify(/home/klaxalk/ws/install/../src/mrs_uav_core/ros_packages/mrs_uav_managers) by extension 'ignore_ament_install'
[0.202s] Level 1:colcon.colcon_core.package_identification:_identify(/home/klaxalk/ws/install/../src/mrs_uav_core/ros_packages/mrs_uav_managers) by extensions ['colcon_pkg']
[0.202s] Level 1:colcon.colcon_core.package_identification:_identify(/home/klaxalk/ws/install/../src/mrs_uav_core/ros_packages/mrs_uav_managers) by extension 'colcon_pkg'
[0.202s] Level 1:colcon.colcon_core.package_identification:_identify(/home/klaxalk/ws/install/../src/mrs_uav_core/ros_packages/mrs_uav_managers) by extensions ['colcon_meta']
[0.202s] Level 1:colcon.colcon_core.package_identification:_identify(/home/klaxalk/ws/install/../src/mrs_uav_core/ros_packages/mrs_uav_managers) by extension 'colcon_meta'
[0.202s] Level 1:colcon.colcon_core.package_identification:_identify(/home/klaxalk/ws/install/../src/mrs_uav_core/ros_packages/mrs_uav_managers) by extensions ['ros']
[0.202s] Level 1:colcon.colcon_core.package_identification:_identify(/home/klaxalk/ws/install/../src/mrs_uav_core/ros_packages/mrs_uav_managers) by extension 'ros'
[0.204s] DEBUG:colcon.colcon_core.package_identification:Package '/home/klaxalk/ws/install/../src/mrs_uav_core/ros_packages/mrs_uav_managers' with type 'ros.ament_cmake' and name 'mrs_uav_managers'
[0.204s] Level 1:colcon.colcon_core.package_identification:_identify(/home/klaxalk/ws/install/../src/mrs_uav_core/ros_packages/mrs_uav_state_estimators) by extensions ['ignore', 'ignore_ament_install']
[0.204s] Level 1:colcon.colcon_core.package_identification:_identify(/home/klaxalk/ws/install/../src/mrs_uav_core/ros_packages/mrs_uav_state_estimators) by extension 'ignore'
[0.204s] Level 1:colcon.colcon_core.package_identification:_identify(/home/klaxalk/ws/install/../src/mrs_uav_core/ros_packages/mrs_uav_state_estimators) by extension 'ignore_ament_install'
[0.204s] Level 1:colcon.colcon_core.package_identification:_identify(/home/klaxalk/ws/install/../src/mrs_uav_core/ros_packages/mrs_uav_state_estimators) by extensions ['colcon_pkg']
[0.204s] Level 1:colcon.colcon_core.package_identification:_identify(/home/klaxalk/ws/install/../src/mrs_uav_core/ros_packages/mrs_uav_state_estimators) by extension 'colcon_pkg'
[0.204s] Level 1:colcon.colcon_core.package_identification:_identify(/home/klaxalk/ws/install/../src/mrs_uav_core/ros_packages/mrs_uav_state_estimators) by extensions ['colcon_meta']
[0.204s] Level 1:colcon.colcon_core.package_identification:_identify(/home/klaxalk/ws/install/../src/mrs_uav_core/ros_packages/mrs_uav_state_estimators) by extension 'colcon_meta'
[0.204s] Level 1:colcon.colcon_core.package_identification:_identify(/home/klaxalk/ws/install/../src/mrs_uav_core/ros_packages/mrs_uav_state_estimators) by extensions ['ros']
[0.204s] Level 1:colcon.colcon_core.package_identification:_identify(/home/klaxalk/ws/install/../src/mrs_uav_core/ros_packages/mrs_uav_state_estimators) by extension 'ros'
[0.206s] DEBUG:colcon.colcon_core.package_identification:Package '/home/klaxalk/ws/install/../src/mrs_uav_core/ros_packages/mrs_uav_state_estimators' with type 'ros.ament_cmake' and name 'mrs_uav_state_estimators'
[0.206s] Level 1:colcon.colcon_core.package_identification:_identify(/home/klaxalk/ws/install/../src/mrs_uav_core/ros_packages/mrs_uav_status) by extensions ['ignore', 'ignore_ament_install']
[0.206s] Level 1:colcon.colcon_core.package_identification:_identify(/home/klaxalk/ws/install/../src/mrs_uav_core/ros_packages/mrs_uav_status) by extension 'ignore'
[0.206s] Level 1:colcon.colcon_core.package_identification:_identify(/home/klaxalk/ws/install/../src/mrs_uav_core/ros_packages/mrs_uav_status) by extension 'ignore_ament_install'
[0.206s] Level 1:colcon.colcon_core.package_identification:_identify(/home/klaxalk/ws/install/../src/mrs_uav_core/ros_packages/mrs_uav_status) by extensions ['colcon_pkg']
[0.206s] Level 1:colcon.colcon_core.package_identification:_identify(/home/klaxalk/ws/install/../src/mrs_uav_core/ros_packages/mrs_uav_status) by extension 'colcon_pkg'
[0.206s] Level 1:colcon.colcon_core.package_identification:_identify(/home/klaxalk/ws/install/../src/mrs_uav_core/ros_packages/mrs_uav_status) by extensions ['colcon_meta']
[0.206s] Level 1:colcon.colcon_core.package_identification:_identify(/home/klaxalk/ws/install/../src/mrs_uav_core/ros_packages/mrs_uav_status) by extension 'colcon_meta'
[0.206s] Level 1:colcon.colcon_core.package_identification:_identify(/home/klaxalk/ws/install/../src/mrs_uav_core/ros_packages/mrs_uav_status) by extensions ['ros']
[0.206s] Level 1:colcon.colcon_core.package_identification:_identify(/home/klaxalk/ws/install/../src/mrs_uav_core/ros_packages/mrs_uav_status) by extension 'ros'
[0.207s] DEBUG:colcon.colcon_core.package_identification:Package '/home/klaxalk/ws/install/../src/mrs_uav_core/ros_packages/mrs_uav_status' with type 'ros.ament_cmake' and name 'mrs_uav_status'
[0.207s] Level 1:colcon.colcon_core.package_identification:_identify(/home/klaxalk/ws/install/../src/mrs_uav_core/ros_packages/mrs_uav_testing) by extensions ['ignore', 'ignore_ament_install']
[0.207s] Level 1:colcon.colcon_core.package_identification:_identify(/home/klaxalk/ws/install/../src/mrs_uav_core/ros_packages/mrs_uav_testing) by extension 'ignore'
[0.207s] Level 1:colcon.colcon_core.package_identification:_identify(/home/klaxalk/ws/install/../src/mrs_uav_core/ros_packages/mrs_uav_testing) by extension 'ignore_ament_install'
[0.207s] Level 1:colcon.colcon_core.package_identification:_identify(/home/klaxalk/ws/install/../src/mrs_uav_core/ros_packages/mrs_uav_testing) by extensions ['colcon_pkg']
[0.207s] Level 1:colcon.colcon_core.package_identification:_identify(/home/klaxalk/ws/install/../src/mrs_uav_core/ros_packages/mrs_uav_testing) by extension 'colcon_pkg'
[0.207s] Level 1:colcon.colcon_core.package_identification:_identify(/home/klaxalk/ws/install/../src/mrs_uav_core/ros_packages/mrs_uav_testing) by extensions ['colcon_meta']
[0.207s] Level 1:colcon.colcon_core.package_identification:_identify(/home/klaxalk/ws/install/../src/mrs_uav_core/ros_packages/mrs_uav_testing) by extension 'colcon_meta'
[0.207s] Level 1:colcon.colcon_core.package_identification:_identify(/home/klaxalk/ws/install/../src/mrs_uav_core/ros_packages/mrs_uav_testing) by extensions ['ros']
[0.207s] Level 1:colcon.colcon_core.package_identification:_identify(/home/klaxalk/ws/install/../src/mrs_uav_core/ros_packages/mrs_uav_testing) by extension 'ros'
[0.208s] DEBUG:colcon.colcon_core.package_identification:Package '/home/klaxalk/ws/install/../src/mrs_uav_core/ros_packages/mrs_uav_testing' with type 'ros.ament_cmake' and name 'mrs_uav_testing'
[0.208s] Level 1:colcon.colcon_core.package_identification:_identify(/home/klaxalk/ws/install/../src/mrs_uav_core/ros_packages/mrs_uav_trackers) by extensions ['ignore', 'ignore_ament_install']
[0.208s] Level 1:colcon.colcon_core.package_identification:_identify(/home/klaxalk/ws/install/../src/mrs_uav_core/ros_packages/mrs_uav_trackers) by extension 'ignore'
[0.208s] Level 1:colcon.colcon_core.package_identification:_identify(/home/klaxalk/ws/install/../src/mrs_uav_core/ros_packages/mrs_uav_trackers) by extension 'ignore_ament_install'
[0.208s] Level 1:colcon.colcon_core.package_identification:_identify(/home/klaxalk/ws/install/../src/mrs_uav_core/ros_packages/mrs_uav_trackers) by extensions ['colcon_pkg']
[0.208s] Level 1:colcon.colcon_core.package_identification:_identify(/home/klaxalk/ws/install/../src/mrs_uav_core/ros_packages/mrs_uav_trackers) by extension 'colcon_pkg'
[0.208s] Level 1:colcon.colcon_core.package_identification:_identify(/home/klaxalk/ws/install/../src/mrs_uav_core/ros_packages/mrs_uav_trackers) by extensions ['colcon_meta']
[0.208s] Level 1:colcon.colcon_core.package_identification:_identify(/home/klaxalk/ws/install/../src/mrs_uav_core/ros_packages/mrs_uav_trackers) by extension 'colcon_meta'
[0.208s] Level 1:colcon.colcon_core.package_identification:_identify(/home/klaxalk/ws/install/../src/mrs_uav_core/ros_packages/mrs_uav_trackers) by extensions ['ros']
[0.208s] Level 1:colcon.colcon_core.package_identification:_identify(/home/klaxalk/ws/install/../src/mrs_uav_core/ros_packages/mrs_uav_trackers) by extension 'ros'
[0.209s] DEBUG:colcon.colcon_core.package_identification:Package '/home/klaxalk/ws/install/../src/mrs_uav_core/ros_packages/mrs_uav_trackers' with type 'ros.ament_cmake' and name 'mrs_uav_trackers'
[0.209s] Level 1:colcon.colcon_core.package_identification:_identify(/home/klaxalk/ws/install/../src/mrs_uav_core/ros_packages/mrs_uav_trajectory_generation) by extensions ['ignore', 'ignore_ament_install']
[0.209s] Level 1:colcon.colcon_core.package_identification:_identify(/home/klaxalk/ws/install/../src/mrs_uav_core/ros_packages/mrs_uav_trajectory_generation) by extension 'ignore'
[0.209s] Level 1:colcon.colcon_core.package_identification:_identify(/home/klaxalk/ws/install/../src/mrs_uav_core/ros_packages/mrs_uav_trajectory_generation) by extension 'ignore_ament_install'
[0.209s] Level 1:colcon.colcon_core.package_identification:_identify(/home/klaxalk/ws/install/../src/mrs_uav_core/ros_packages/mrs_uav_trajectory_generation) by extensions ['colcon_pkg']
[0.209s] Level 1:colcon.colcon_core.package_identification:_identify(/home/klaxalk/ws/install/../src/mrs_uav_core/ros_packages/mrs_uav_trajectory_generation) by extension 'colcon_pkg'
[0.209s] Level 1:colcon.colcon_core.package_identification:_identify(/home/klaxalk/ws/install/../src/mrs_uav_core/ros_packages/mrs_uav_trajectory_generation) by extensions ['colcon_meta']
[0.209s] Level 1:colcon.colcon_core.package_identification:_identify(/home/klaxalk/ws/install/../src/mrs_uav_core/ros_packages/mrs_uav_trajectory_generation) by extension 'colcon_meta'
[0.209s] Level 1:colcon.colcon_core.package_identification:_identify(/home/klaxalk/ws/install/../src/mrs_uav_core/ros_packages/mrs_uav_trajectory_generation) by extensions ['ros']
[0.209s] Level 1:colcon.colcon_core.package_identification:_identify(/home/klaxalk/ws/install/../src/mrs_uav_core/ros_packages/mrs_uav_trajectory_generation) by extension 'ros'
[0.210s] DEBUG:colcon.colcon_core.package_identification:Package '/home/klaxalk/ws/install/../src/mrs_uav_core/ros_packages/mrs_uav_trajectory_generation' with type 'ros.ament_cmake' and name 'mrs_uav_trajectory_generation'
[0.210s] Level 1:colcon.colcon_core.package_identification:_identify(/home/klaxalk/ws/install/../src/mrs_uav_core/test) by extensions ['ignore', 'ignore_ament_install']
[0.210s] Level 1:colcon.colcon_core.package_identification:_identify(/home/klaxalk/ws/install/../src/mrs_uav_core/test) by extension 'ignore'
[0.210s] Level 1:colcon.colcon_core.package_identification:_identify(/home/klaxalk/ws/install/../src/mrs_uav_core/test) by extension 'ignore_ament_install'
[0.210s] Level 1:colcon.colcon_core.package_identification:_identify(/home/klaxalk/ws/install/../src/mrs_uav_core/test) by extensions ['colcon_pkg']
[0.210s] Level 1:colcon.colcon_core.package_identification:_identify(/home/klaxalk/ws/install/../src/mrs_uav_core/test) by extension 'colcon_pkg'
[0.210s] Level 1:colcon.colcon_core.package_identification:_identify(/home/klaxalk/ws/install/../src/mrs_uav_core/test) by extensions ['colcon_meta']
[0.210s] Level 1:colcon.colcon_core.package_identification:_identify(/home/klaxalk/ws/install/../src/mrs_uav_core/test) by extension 'colcon_meta'
[0.210s] Level 1:colcon.colcon_core.package_identification:_identify(/home/klaxalk/ws/install/../src/mrs_uav_core/test) by extensions ['ros']
[0.210s] Level 1:colcon.colcon_core.package_identification:_identify(/home/klaxalk/ws/install/../src/mrs_uav_core/test) by extension 'ros'
[0.210s] Level 1:colcon.colcon_core.package_identification:_identify(/home/klaxalk/ws/install/../src/mrs_uav_core/test) by extensions ['cmake', 'python']
[0.210s] Level 1:colcon.colcon_core.package_identification:_identify(/home/klaxalk/ws/install/../src/mrs_uav_core/test) by extension 'cmake'
[0.210s] Level 1:colcon.colcon_core.package_identification:_identify(/home/klaxalk/ws/install/../src/mrs_uav_core/test) by extension 'python'
[0.210s] Level 1:colcon.colcon_core.package_identification:_identify(/home/klaxalk/ws/install/../src/mrs_uav_core/test) by extensions ['python_setup_py']
[0.210s] Level 1:colcon.colcon_core.package_identification:_identify(/home/klaxalk/ws/install/../src/mrs_uav_core/test) by extension 'python_setup_py'
[0.210s] Level 1:colcon.colcon_core.package_identification:_identify(/home/klaxalk/ws/install/../src/mrs_uav_deployment) by extensions ['ignore', 'ignore_ament_install']
[0.210s] Level 1:colcon.colcon_core.package_identification:_identify(/home/klaxalk/ws/install/../src/mrs_uav_deployment) by extension 'ignore'
[0.210s] Level 1:colcon.colcon_core.package_identification:_identify(/home/klaxalk/ws/install/../src/mrs_uav_deployment) by extension 'ignore_ament_install'
[0.210s] Level 1:colcon.colcon_core.package_identification:_identify(/home/klaxalk/ws/install/../src/mrs_uav_deployment) by extensions ['colcon_pkg']
[0.210s] Level 1:colcon.colcon_core.package_identification:_identify(/home/klaxalk/ws/install/../src/mrs_uav_deployment) by extension 'colcon_pkg'
[0.210s] Level 1:colcon.colcon_core.package_identification:_identify(/home/klaxalk/ws/install/../src/mrs_uav_deployment) by extensions ['colcon_meta']
[0.210s] Level 1:colcon.colcon_core.package_identification:_identify(/home/klaxalk/ws/install/../src/mrs_uav_deployment) by extension 'colcon_meta'
[0.210s] Level 1:colcon.colcon_core.package_identification:_identify(/home/klaxalk/ws/install/../src/mrs_uav_deployment) by extensions ['ros']
[0.210s] Level 1:colcon.colcon_core.package_identification:_identify(/home/klaxalk/ws/install/../src/mrs_uav_deployment) by extension 'ros'
[0.211s] DEBUG:colcon.colcon_core.package_identification:Package '/home/klaxalk/ws/install/../src/mrs_uav_deployment' with type 'ros.ament_cmake' and name 'mrs_uav_deployment'
[0.211s] Level 1:colcon.colcon_core.package_identification:_identify(/home/klaxalk/ws/install/../src/mrs_uav_modules) by extensions ['ignore', 'ignore_ament_install']
[0.211s] Level 1:colcon.colcon_core.package_identification:_identify(/home/klaxalk/ws/install/../src/mrs_uav_modules) by extension 'ignore'
[0.211s] Level 1:colcon.colcon_core.package_identification:_identify(/home/klaxalk/ws/install/../src/mrs_uav_modules) by extension 'ignore_ament_install'
[0.211s] Level 1:colcon.colcon_core.package_identification:_identify(/home/klaxalk/ws/install/../src/mrs_uav_modules) by extensions ['colcon_pkg']
[0.211s] Level 1:colcon.colcon_core.package_identification:_identify(/home/klaxalk/ws/install/../src/mrs_uav_modules) by extension 'colcon_pkg'
[0.211s] Level 1:colcon.colcon_core.package_identification:_identify(/home/klaxalk/ws/install/../src/mrs_uav_modules) by extensions ['colcon_meta']
[0.211s] Level 1:colcon.colcon_core.package_identification:_identify(/home/klaxalk/ws/install/../src/mrs_uav_modules) by extension 'colcon_meta'
[0.211s] Level 1:colcon.colcon_core.package_identification:_identify(/home/klaxalk/ws/install/../src/mrs_uav_modules) by extensions ['ros']
[0.211s] Level 1:colcon.colcon_core.package_identification:_identify(/home/klaxalk/ws/install/../src/mrs_uav_modules) by extension 'ros'
[0.211s] Level 1:colcon.colcon_core.package_identification:_identify(/home/klaxalk/ws/install/../src/mrs_uav_modules) by extensions ['cmake', 'python']
[0.211s] Level 1:colcon.colcon_core.package_identification:_identify(/home/klaxalk/ws/install/../src/mrs_uav_modules) by extension 'cmake'
[0.211s] Level 1:colcon.colcon_core.package_identification:_identify(/home/klaxalk/ws/install/../src/mrs_uav_modules) by extension 'python'
[0.211s] Level 1:colcon.colcon_core.package_identification:_identify(/home/klaxalk/ws/install/../src/mrs_uav_modules) by extensions ['python_setup_py']
[0.211s] Level 1:colcon.colcon_core.package_identification:_identify(/home/klaxalk/ws/install/../src/mrs_uav_modules) by extension 'python_setup_py'
[0.211s] Level 1:colcon.colcon_core.package_identification:_identify(/home/klaxalk/ws/install/../src/mrs_uav_modules/ros_packages) by extensions ['ignore', 'ignore_ament_install']
[0.211s] Level 1:colcon.colcon_core.package_identification:_identify(/home/klaxalk/ws/install/../src/mrs_uav_modules/ros_packages) by extension 'ignore'
[0.211s] Level 1:colcon.colcon_core.package_identification:_identify(/home/klaxalk/ws/install/../src/mrs_uav_modules/ros_packages) by extension 'ignore_ament_install'
[0.211s] Level 1:colcon.colcon_core.package_identification:_identify(/home/klaxalk/ws/install/../src/mrs_uav_modules/ros_packages) by extensions ['colcon_pkg']
[0.211s] Level 1:colcon.colcon_core.package_identification:_identify(/home/klaxalk/ws/install/../src/mrs_uav_modules/ros_packages) by extension 'colcon_pkg'
[0.211s] Level 1:colcon.colcon_core.package_identification:_identify(/home/klaxalk/ws/install/../src/mrs_uav_modules/ros_packages) by extensions ['colcon_meta']
[0.211s] Level 1:colcon.colcon_core.package_identification:_identify(/home/klaxalk/ws/install/../src/mrs_uav_modules/ros_packages) by extension 'colcon_meta'
[0.212s] Level 1:colcon.colcon_core.package_identification:_identify(/home/klaxalk/ws/install/../src/mrs_uav_modules/ros_packages) by extensions ['ros']
[0.212s] Level 1:colcon.colcon_core.package_identification:_identify(/home/klaxalk/ws/install/../src/mrs_uav_modules/ros_packages) by extension 'ros'
[0.212s] Level 1:colcon.colcon_core.package_identification:_identify(/home/klaxalk/ws/install/../src/mrs_uav_modules/ros_packages) by extensions ['cmake', 'python']
[0.212s] Level 1:colcon.colcon_core.package_identification:_identify(/home/klaxalk/ws/install/../src/mrs_uav_modules/ros_packages) by extension 'cmake'
[0.212s] Level 1:colcon.colcon_core.package_identification:_identify(/home/klaxalk/ws/install/../src/mrs_uav_modules/ros_packages) by extension 'python'
[0.212s] Level 1:colcon.colcon_core.package_identification:_identify(/home/klaxalk/ws/install/../src/mrs_uav_modules/ros_packages) by extensions ['python_setup_py']
[0.212s] Level 1:colcon.colcon_core.package_identification:_identify(/home/klaxalk/ws/install/../src/mrs_uav_modules/ros_packages) by extension 'python_setup_py'
[0.212s] Level 1:colcon.colcon_core.package_identification:_identify(/home/klaxalk/ws/install/../src/mrs_uav_modules/ros_packages/mrs_uav_modules) by extensions ['ignore', 'ignore_ament_install']
[0.212s] Level 1:colcon.colcon_core.package_identification:_identify(/home/klaxalk/ws/install/../src/mrs_uav_modules/ros_packages/mrs_uav_modules) by extension 'ignore'
[0.212s] Level 1:colcon.colcon_core.package_identification:_identify(/home/klaxalk/ws/install/../src/mrs_uav_modules/ros_packages/mrs_uav_modules) by extension 'ignore_ament_install'
[0.212s] Level 1:colcon.colcon_core.package_identification:_identify(/home/klaxalk/ws/install/../src/mrs_uav_modules/ros_packages/mrs_uav_modules) by extensions ['colcon_pkg']
[0.212s] Level 1:colcon.colcon_core.package_identification:_identify(/home/klaxalk/ws/install/../src/mrs_uav_modules/ros_packages/mrs_uav_modules) by extension 'colcon_pkg'
[0.212s] Level 1:colcon.colcon_core.package_identification:_identify(/home/klaxalk/ws/install/../src/mrs_uav_modules/ros_packages/mrs_uav_modules) by extensions ['colcon_meta']
[0.212s] Level 1:colcon.colcon_core.package_identification:_identify(/home/klaxalk/ws/install/../src/mrs_uav_modules/ros_packages/mrs_uav_modules) by extension 'colcon_meta'
[0.212s] Level 1:colcon.colcon_core.package_identification:_identify(/home/klaxalk/ws/install/../src/mrs_uav_modules/ros_packages/mrs_uav_modules) by extensions ['ros']
[0.212s] Level 1:colcon.colcon_core.package_identification:_identify(/home/klaxalk/ws/install/../src/mrs_uav_modules/ros_packages/mrs_uav_modules) by extension 'ros'
[0.212s] DEBUG:colcon.colcon_core.package_identification:Package '/home/klaxalk/ws/install/../src/mrs_uav_modules/ros_packages/mrs_uav_modules' with type 'ros.ament_cmake' and name 'mrs_uav_modules'
[0.212s] Level 1:colcon.colcon_core.package_identification:_identify(/home/klaxalk/ws/install/../src/mrs_uav_px4_api) by extensions ['ignore', 'ignore_ament_install']
[0.212s] Level 1:colcon.colcon_core.package_identification:_identify(/home/klaxalk/ws/install/../src/mrs_uav_px4_api) by extension 'ignore'
[0.212s] Level 1:colcon.colcon_core.package_identification:_identify(/home/klaxalk/ws/install/../src/mrs_uav_px4_api) by extension 'ignore_ament_install'
[0.213s] Level 1:colcon.colcon_core.package_identification:_identify(/home/klaxalk/ws/install/../src/mrs_uav_px4_api) by extensions ['colcon_pkg']
[0.213s] Level 1:colcon.colcon_core.package_identification:_identify(/home/klaxalk/ws/install/../src/mrs_uav_px4_api) by extension 'colcon_pkg'
[0.213s] Level 1:colcon.colcon_core.package_identification:_identify(/home/klaxalk/ws/install/../src/mrs_uav_px4_api) by extensions ['colcon_meta']
[0.213s] Level 1:colcon.colcon_core.package_identification:_identify(/home/klaxalk/ws/install/../src/mrs_uav_px4_api) by extension 'colcon_meta'
[0.213s] Level 1:colcon.colcon_core.package_identification:_identify(/home/klaxalk/ws/install/../src/mrs_uav_px4_api) by extensions ['ros']
[0.213s] Level 1:colcon.colcon_core.package_identification:_identify(/home/klaxalk/ws/install/../src/mrs_uav_px4_api) by extension 'ros'
[0.214s] DEBUG:colcon.colcon_core.package_identification:Package '/home/klaxalk/ws/install/../src/mrs_uav_px4_api' with type 'ros.ament_cmake' and name 'mrs_uav_px4_api'
[0.214s] Level 1:colcon.colcon_core.package_identification:_identify(/home/klaxalk/ws/install/../src/mrs_uav_system) by extensions ['ignore', 'ignore_ament_install']
[0.214s] Level 1:colcon.colcon_core.package_identification:_identify(/home/klaxalk/ws/install/../src/mrs_uav_system) by extension 'ignore'
[0.214s] Level 1:colcon.colcon_core.package_identification:_identify(/home/klaxalk/ws/install/../src/mrs_uav_system) by extension 'ignore_ament_install'
[0.214s] Level 1:colcon.colcon_core.package_identification:_identify(/home/klaxalk/ws/install/../src/mrs_uav_system) by extensions ['colcon_pkg']
[0.214s] Level 1:colcon.colcon_core.package_identification:_identify(/home/klaxalk/ws/install/../src/mrs_uav_system) by extension 'colcon_pkg'
[0.214s] Level 1:colcon.colcon_core.package_identification:_identify(/home/klaxalk/ws/install/../src/mrs_uav_system) by extensions ['colcon_meta']
[0.214s] Level 1:colcon.colcon_core.package_identification:_identify(/home/klaxalk/ws/install/../src/mrs_uav_system) by extension 'colcon_meta'
[0.214s] Level 1:colcon.colcon_core.package_identification:_identify(/home/klaxalk/ws/install/../src/mrs_uav_system) by extensions ['ros']
[0.214s] Level 1:colcon.colcon_core.package_identification:_identify(/home/klaxalk/ws/install/../src/mrs_uav_system) by extension 'ros'
[0.214s] Level 1:colcon.colcon_core.package_identification:_identify(/home/klaxalk/ws/install/../src/mrs_uav_system) by extensions ['cmake', 'python']
[0.214s] Level 1:colcon.colcon_core.package_identification:_identify(/home/klaxalk/ws/install/../src/mrs_uav_system) by extension 'cmake'
[0.214s] Level 1:colcon.colcon_core.package_identification:_identify(/home/klaxalk/ws/install/../src/mrs_uav_system) by extension 'python'
[0.214s] Level 1:colcon.colcon_core.package_identification:_identify(/home/klaxalk/ws/install/../src/mrs_uav_system) by extensions ['python_setup_py']
[0.214s] Level 1:colcon.colcon_core.package_identification:_identify(/home/klaxalk/ws/install/../src/mrs_uav_system) by extension 'python_setup_py'
[0.214s] Level 1:colcon.colcon_core.package_identification:_identify(/home/klaxalk/ws/install/../src/mrs_uav_system/ros_packages) by extensions ['ignore', 'ignore_ament_install']
[0.214s] Level 1:colcon.colcon_core.package_identification:_identify(/home/klaxalk/ws/install/../src/mrs_uav_system/ros_packages) by extension 'ignore'
[0.214s] Level 1:colcon.colcon_core.package_identification:_identify(/home/klaxalk/ws/install/../src/mrs_uav_system/ros_packages) by extension 'ignore_ament_install'
[0.214s] Level 1:colcon.colcon_core.package_identification:_identify(/home/klaxalk/ws/install/../src/mrs_uav_system/ros_packages) by extensions ['colcon_pkg']
[0.214s] Level 1:colcon.colcon_core.package_identification:_identify(/home/klaxalk/ws/install/../src/mrs_uav_system/ros_packages) by extension 'colcon_pkg'
[0.214s] Level 1:colcon.colcon_core.package_identification:_identify(/home/klaxalk/ws/install/../src/mrs_uav_system/ros_packages) by extensions ['colcon_meta']
[0.214s] Level 1:colcon.colcon_core.package_identification:_identify(/home/klaxalk/ws/install/../src/mrs_uav_system/ros_packages) by extension 'colcon_meta'
[0.214s] Level 1:colcon.colcon_core.package_identification:_identify(/home/klaxalk/ws/install/../src/mrs_uav_system/ros_packages) by extensions ['ros']
[0.214s] Level 1:colcon.colcon_core.package_identification:_identify(/home/klaxalk/ws/install/../src/mrs_uav_system/ros_packages) by extension 'ros'
[0.214s] Level 1:colcon.colcon_core.package_identification:_identify(/home/klaxalk/ws/install/../src/mrs_uav_system/ros_packages) by extensions ['cmake', 'python']
[0.214s] Level 1:colcon.colcon_core.package_identification:_identify(/home/klaxalk/ws/install/../src/mrs_uav_system/ros_packages) by extension 'cmake'
[0.214s] Level 1:colcon.colcon_core.package_identification:_identify(/home/klaxalk/ws/install/../src/mrs_uav_system/ros_packages) by extension 'python'
[0.214s] Level 1:colcon.colcon_core.package_identification:_identify(/home/klaxalk/ws/install/../src/mrs_uav_system/ros_packages) by extensions ['python_setup_py']
[0.214s] Level 1:colcon.colcon_core.package_identification:_identify(/home/klaxalk/ws/install/../src/mrs_uav_system/ros_packages) by extension 'python_setup_py'
[0.214s] Level 1:colcon.colcon_core.package_identification:_identify(/home/klaxalk/ws/install/../src/mrs_uav_system/ros_packages/mrs_uav_system) by extensions ['ignore', 'ignore_ament_install']
[0.214s] Level 1:colcon.colcon_core.package_identification:_identify(/home/klaxalk/ws/install/../src/mrs_uav_system/ros_packages/mrs_uav_system) by extension 'ignore'
[0.214s] Level 1:colcon.colcon_core.package_identification:_identify(/home/klaxalk/ws/install/../src/mrs_uav_system/ros_packages/mrs_uav_system) by extension 'ignore_ament_install'
[0.214s] Level 1:colcon.colcon_core.package_identification:_identify(/home/klaxalk/ws/install/../src/mrs_uav_system/ros_packages/mrs_uav_system) by extensions ['colcon_pkg']
[0.214s] Level 1:colcon.colcon_core.package_identification:_identify(/home/klaxalk/ws/install/../src/mrs_uav_system/ros_packages/mrs_uav_system) by extension 'colcon_pkg'
[0.214s] Level 1:colcon.colcon_core.package_identification:_identify(/home/klaxalk/ws/install/../src/mrs_uav_system/ros_packages/mrs_uav_system) by extensions ['colcon_meta']
[0.214s] Level 1:colcon.colcon_core.package_identification:_identify(/home/klaxalk/ws/install/../src/mrs_uav_system/ros_packages/mrs_uav_system) by extension 'colcon_meta'
[0.215s] Level 1:colcon.colcon_core.package_identification:_identify(/home/klaxalk/ws/install/../src/mrs_uav_system/ros_packages/mrs_uav_system) by extensions ['ros']
[0.215s] Level 1:colcon.colcon_core.package_identification:_identify(/home/klaxalk/ws/install/../src/mrs_uav_system/ros_packages/mrs_uav_system) by extension 'ros'
[0.215s] DEBUG:colcon.colcon_core.package_identification:Package '/home/klaxalk/ws/install/../src/mrs_uav_system/ros_packages/mrs_uav_system' with type 'ros.ament_cmake' and name 'mrs_uav_system'
[0.215s] Level 1:colcon.colcon_core.package_identification:_identify(/home/klaxalk/ws/install/../src/mrs_uav_system/ros_packages/mrs_uav_system_full) by extensions ['ignore', 'ignore_ament_install']
[0.215s] Level 1:colcon.colcon_core.package_identification:_identify(/home/klaxalk/ws/install/../src/mrs_uav_system/ros_packages/mrs_uav_system_full) by extension 'ignore'
[0.215s] Level 1:colcon.colcon_core.package_identification:_identify(/home/klaxalk/ws/install/../src/mrs_uav_system/ros_packages/mrs_uav_system_full) by extension 'ignore_ament_install'
[0.215s] Level 1:colcon.colcon_core.package_identification:_identify(/home/klaxalk/ws/install/../src/mrs_uav_system/ros_packages/mrs_uav_system_full) by extensions ['colcon_pkg']
[0.215s] Level 1:colcon.colcon_core.package_identification:_identify(/home/klaxalk/ws/install/../src/mrs_uav_system/ros_packages/mrs_uav_system_full) by extension 'colcon_pkg'
[0.215s] Level 1:colcon.colcon_core.package_identification:_identify(/home/klaxalk/ws/install/../src/mrs_uav_system/ros_packages/mrs_uav_system_full) by extensions ['colcon_meta']
[0.215s] Level 1:colcon.colcon_core.package_identification:_identify(/home/klaxalk/ws/install/../src/mrs_uav_system/ros_packages/mrs_uav_system_full) by extension 'colcon_meta'
[0.215s] Level 1:colcon.colcon_core.package_identification:_identify(/home/klaxalk/ws/install/../src/mrs_uav_system/ros_packages/mrs_uav_system_full) by extensions ['ros']
[0.215s] Level 1:colcon.colcon_core.package_identification:_identify(/home/klaxalk/ws/install/../src/mrs_uav_system/ros_packages/mrs_uav_system_full) by extension 'ros'
[0.216s] DEBUG:colcon.colcon_core.package_identification:Package '/home/klaxalk/ws/install/../src/mrs_uav_system/ros_packages/mrs_uav_system_full' with type 'ros.ament_cmake' and name 'mrs_uav_system_full'
[0.216s] Level 1:colcon.colcon_core.package_identification:_identify(/home/klaxalk/ws/install/../src/mrs_uav_unreal_simulation) by extensions ['ignore', 'ignore_ament_install']
[0.216s] Level 1:colcon.colcon_core.package_identification:_identify(/home/klaxalk/ws/install/../src/mrs_uav_unreal_simulation) by extension 'ignore'
[0.216s] Level 1:colcon.colcon_core.package_identification:_identify(/home/klaxalk/ws/install/../src/mrs_uav_unreal_simulation) by extension 'ignore_ament_install'
[0.216s] Level 1:colcon.colcon_core.package_identification:_identify(/home/klaxalk/ws/install/../src/mrs_uav_unreal_simulation) by extensions ['colcon_pkg']
[0.216s] Level 1:colcon.colcon_core.package_identification:_identify(/home/klaxalk/ws/install/../src/mrs_uav_unreal_simulation) by extension 'colcon_pkg'
[0.216s] Level 1:colcon.colcon_core.package_identification:_identify(/home/klaxalk/ws/install/../src/mrs_uav_unreal_simulation) by extensions ['colcon_meta']
[0.216s] Level 1:colcon.colcon_core.package_identification:_identify(/home/klaxalk/ws/install/../src/mrs_uav_unreal_simulation) by extension 'colcon_meta'
[0.216s] Level 1:colcon.colcon_core.package_identification:_identify(/home/klaxalk/ws/install/../src/mrs_uav_unreal_simulation) by extensions ['ros']
[0.216s] Level 1:colcon.colcon_core.package_identification:_identify(/home/klaxalk/ws/install/../src/mrs_uav_unreal_simulation) by extension 'ros'
[0.217s] DEBUG:colcon.colcon_core.package_identification:Package '/home/klaxalk/ws/install/../src/mrs_uav_unreal_simulation' with type 'ros.ament_cmake' and name 'mrs_uav_flightforge_simulation'
[0.217s] Level 1:colcon.colcon_core.package_identification:_identify(/home/klaxalk/ws/install/../src/path_and_trajectory_loader) by extensions ['ignore', 'ignore_ament_install']
[0.217s] Level 1:colcon.colcon_core.package_identification:_identify(/home/klaxalk/ws/install/../src/path_and_trajectory_loader) by extension 'ignore'
[0.217s] Level 1:colcon.colcon_core.package_identification:_identify(/home/klaxalk/ws/install/../src/path_and_trajectory_loader) by extension 'ignore_ament_install'
[0.217s] Level 1:colcon.colcon_core.package_identification:_identify(/home/klaxalk/ws/install/../src/path_and_trajectory_loader) by extensions ['colcon_pkg']
[0.217s] Level 1:colcon.colcon_core.package_identification:_identify(/home/klaxalk/ws/install/../src/path_and_trajectory_loader) by extension 'colcon_pkg'
[0.217s] Level 1:colcon.colcon_core.package_identification:_identify(/home/klaxalk/ws/install/../src/path_and_trajectory_loader) by extensions ['colcon_meta']
[0.217s] Level 1:colcon.colcon_core.package_identification:_identify(/home/klaxalk/ws/install/../src/path_and_trajectory_loader) by extension 'colcon_meta'
[0.217s] Level 1:colcon.colcon_core.package_identification:_identify(/home/klaxalk/ws/install/../src/path_and_trajectory_loader) by extensions ['ros']
[0.217s] Level 1:colcon.colcon_core.package_identification:_identify(/home/klaxalk/ws/install/../src/path_and_trajectory_loader) by extension 'ros'
[0.217s] Level 1:colcon.colcon_core.package_identification:_identify(/home/klaxalk/ws/install/../src/path_and_trajectory_loader) by extensions ['cmake', 'python']
[0.217s] Level 1:colcon.colcon_core.package_identification:_identify(/home/klaxalk/ws/install/../src/path_and_trajectory_loader) by extension 'cmake'
[0.217s] Level 1:colcon.colcon_core.package_identification:_identify(/home/klaxalk/ws/install/../src/path_and_trajectory_loader) by extension 'python'
[0.217s] Level 1:colcon.colcon_core.package_identification:_identify(/home/klaxalk/ws/install/../src/path_and_trajectory_loader) by extensions ['python_setup_py']
[0.217s] Level 1:colcon.colcon_core.package_identification:_identify(/home/klaxalk/ws/install/../src/path_and_trajectory_loader) by extension 'python_setup_py'
[0.218s] Level 1:colcon.colcon_core.package_identification:_identify(/home/klaxalk/ws/install/../src/path_and_trajectory_loader/src) by extensions ['ignore', 'ignore_ament_install']
[0.218s] Level 1:colcon.colcon_core.package_identification:_identify(/home/klaxalk/ws/install/../src/path_and_trajectory_loader/src) by extension 'ignore'
[0.218s] Level 1:colcon.colcon_core.package_identification:_identify(/home/klaxalk/ws/install/../src/path_and_trajectory_loader/src) by extension 'ignore_ament_install'
[0.218s] Level 1:colcon.colcon_core.package_identification:_identify(/home/klaxalk/ws/install/../src/path_and_trajectory_loader/src) by extensions ['colcon_pkg']
[0.218s] Level 1:colcon.colcon_core.package_identification:_identify(/home/klaxalk/ws/install/../src/path_and_trajectory_loader/src) by extension 'colcon_pkg'
[0.218s] Level 1:colcon.colcon_core.package_identification:_identify(/home/klaxalk/ws/install/../src/path_and_trajectory_loader/src) by extensions ['colcon_meta']
[0.218s] Level 1:colcon.colcon_core.package_identification:_identify(/home/klaxalk/ws/install/../src/path_and_trajectory_loader/src) by extension 'colcon_meta'
[0.218s] Level 1:colcon.colcon_core.package_identification:_identify(/home/klaxalk/ws/install/../src/path_and_trajectory_loader/src) by extensions ['ros']
[0.218s] Level 1:colcon.colcon_core.package_identification:_identify(/home/klaxalk/ws/install/../src/path_and_trajectory_loader/src) by extension 'ros'
[0.218s] Level 1:colcon.colcon_core.package_identification:_identify(/home/klaxalk/ws/install/../src/path_and_trajectory_loader/src) by extensions ['cmake', 'python']
[0.218s] Level 1:colcon.colcon_core.package_identification:_identify(/home/klaxalk/ws/install/../src/path_and_trajectory_loader/src) by extension 'cmake'
[0.218s] Level 1:colcon.colcon_core.package_identification:_identify(/home/klaxalk/ws/install/../src/path_and_trajectory_loader/src) by extension 'python'
[0.218s] Level 1:colcon.colcon_core.package_identification:_identify(/home/klaxalk/ws/install/../src/path_and_trajectory_loader/src) by extensions ['python_setup_py']
[0.218s] Level 1:colcon.colcon_core.package_identification:_identify(/home/klaxalk/ws/install/../src/path_and_trajectory_loader/src) by extension 'python_setup_py'
[0.218s] Level 1:colcon.colcon_core.package_identification:_identify(/home/klaxalk/ws/install/../src/path_and_trajectory_loader/src/mrs_uav_path_loader_ros2) by extensions ['ignore', 'ignore_ament_install']
[0.218s] Level 1:colcon.colcon_core.package_identification:_identify(/home/klaxalk/ws/install/../src/path_and_trajectory_loader/src/mrs_uav_path_loader_ros2) by extension 'ignore'
[0.218s] Level 1:colcon.colcon_core.package_identification:_identify(/home/klaxalk/ws/install/../src/path_and_trajectory_loader/src/mrs_uav_path_loader_ros2) by extension 'ignore_ament_install'
[0.218s] Level 1:colcon.colcon_core.package_identification:_identify(/home/klaxalk/ws/install/../src/path_and_trajectory_loader/src/mrs_uav_path_loader_ros2) by extensions ['colcon_pkg']
[0.218s] Level 1:colcon.colcon_core.package_identification:_identify(/home/klaxalk/ws/install/../src/path_and_trajectory_loader/src/mrs_uav_path_loader_ros2) by extension 'colcon_pkg'
[0.218s] Level 1:colcon.colcon_core.package_identification:_identify(/home/klaxalk/ws/install/../src/path_and_trajectory_loader/src/mrs_uav_path_loader_ros2) by extensions ['colcon_meta']
[0.218s] Level 1:colcon.colcon_core.package_identification:_identify(/home/klaxalk/ws/install/../src/path_and_trajectory_loader/src/mrs_uav_path_loader_ros2) by extension 'colcon_meta'
[0.218s] Level 1:colcon.colcon_core.package_identification:_identify(/home/klaxalk/ws/install/../src/path_and_trajectory_loader/src/mrs_uav_path_loader_ros2) by extensions ['ros']
[0.218s] Level 1:colcon.colcon_core.package_identification:_identify(/home/klaxalk/ws/install/../src/path_and_trajectory_loader/src/mrs_uav_path_loader_ros2) by extension 'ros'
[0.219s] DEBUG:colcon.colcon_core.package_identification:Package '/home/klaxalk/ws/install/../src/path_and_trajectory_loader/src/mrs_uav_path_loader_ros2' with type 'ros.ament_cmake' and name 'mrs_uav_path_loader_ros2'
[0.219s] Level 1:colcon.colcon_core.package_identification:_identify(/home/klaxalk/ws/install/../src/path_and_trajectory_loader/src/path_loader_interfaces) by extensions ['ignore', 'ignore_ament_install']
[0.219s] Level 1:colcon.colcon_core.package_identification:_identify(/home/klaxalk/ws/install/../src/path_and_trajectory_loader/src/path_loader_interfaces) by extension 'ignore'
[0.219s] Level 1:colcon.colcon_core.package_identification:_identify(/home/klaxalk/ws/install/../src/path_and_trajectory_loader/src/path_loader_interfaces) by extension 'ignore_ament_install'
[0.219s] Level 1:colcon.colcon_core.package_identification:_identify(/home/klaxalk/ws/install/../src/path_and_trajectory_loader/src/path_loader_interfaces) by extensions ['colcon_pkg']
[0.219s] Level 1:colcon.colcon_core.package_identification:_identify(/home/klaxalk/ws/install/../src/path_and_trajectory_loader/src/path_loader_interfaces) by extension 'colcon_pkg'
[0.219s] Level 1:colcon.colcon_core.package_identification:_identify(/home/klaxalk/ws/install/../src/path_and_trajectory_loader/src/path_loader_interfaces) by extensions ['colcon_meta']
[0.219s] Level 1:colcon.colcon_core.package_identification:_identify(/home/klaxalk/ws/install/../src/path_and_trajectory_loader/src/path_loader_interfaces) by extension 'colcon_meta'
[0.219s] Level 1:colcon.colcon_core.package_identification:_identify(/home/klaxalk/ws/install/../src/path_and_trajectory_loader/src/path_loader_interfaces) by extensions ['ros']
[0.219s] Level 1:colcon.colcon_core.package_identification:_identify(/home/klaxalk/ws/install/../src/path_and_trajectory_loader/src/path_loader_interfaces) by extension 'ros'
[0.220s] DEBUG:colcon.colcon_core.package_identification:Package '/home/klaxalk/ws/install/../src/path_and_trajectory_loader/src/path_loader_interfaces' with type 'ros.ament_cmake' and name 'path_loader_interfaces'
[0.220s] Level 1:colcon.colcon_core.package_identification:_identify(/home/klaxalk/ws/install/../src/ros2_examples) by extensions ['ignore', 'ignore_ament_install']
[0.220s] Level 1:colcon.colcon_core.package_identification:_identify(/home/klaxalk/ws/install/../src/ros2_examples) by extension 'ignore'
[0.220s] Level 1:colcon.colcon_core.package_identification:_identify(/home/klaxalk/ws/install/../src/ros2_examples) by extension 'ignore_ament_install'
[0.220s] Level 1:colcon.colcon_core.package_identification:_identify(/home/klaxalk/ws/install/../src/ros2_examples) by extensions ['colcon_pkg']
[0.220s] Level 1:colcon.colcon_core.package_identification:_identify(/home/klaxalk/ws/install/../src/ros2_examples) by extension 'colcon_pkg'
[0.220s] Level 1:colcon.colcon_core.package_identification:_identify(/home/klaxalk/ws/install/../src/ros2_examples) by extensions ['colcon_meta']
[0.220s] Level 1:colcon.colcon_core.package_identification:_identify(/home/klaxalk/ws/install/../src/ros2_examples) by extension 'colcon_meta'
[0.220s] Level 1:colcon.colcon_core.package_identification:_identify(/home/klaxalk/ws/install/../src/ros2_examples) by extensions ['ros']
[0.220s] Level 1:colcon.colcon_core.package_identification:_identify(/home/klaxalk/ws/install/../src/ros2_examples) by extension 'ros'
[0.220s] Level 1:colcon.colcon_core.package_identification:_identify(/home/klaxalk/ws/install/../src/ros2_examples) by extensions ['cmake', 'python']
[0.220s] Level 1:colcon.colcon_core.package_identification:_identify(/home/klaxalk/ws/install/../src/ros2_examples) by extension 'cmake'
[0.220s] Level 1:colcon.colcon_core.package_identification:_identify(/home/klaxalk/ws/install/../src/ros2_examples) by extension 'python'
[0.220s] Level 1:colcon.colcon_core.package_identification:_identify(/home/klaxalk/ws/install/../src/ros2_examples) by extensions ['python_setup_py']
[0.220s] Level 1:colcon.colcon_core.package_identification:_identify(/home/klaxalk/ws/install/../src/ros2_examples) by extension 'python_setup_py'
[0.220s] Level 1:colcon.colcon_core.package_identification:_identify(/home/klaxalk/ws/install/../src/ros2_examples/extended_examples) by extensions ['ignore', 'ignore_ament_install']
[0.220s] Level 1:colcon.colcon_core.package_identification:_identify(/home/klaxalk/ws/install/../src/ros2_examples/extended_examples) by extension 'ignore'
[0.220s] Level 1:colcon.colcon_core.package_identification:_identify(/home/klaxalk/ws/install/../src/ros2_examples/extended_examples) by extension 'ignore_ament_install'
[0.220s] Level 1:colcon.colcon_core.package_identification:_identify(/home/klaxalk/ws/install/../src/ros2_examples/extended_examples) by extensions ['colcon_pkg']
[0.220s] Level 1:colcon.colcon_core.package_identification:_identify(/home/klaxalk/ws/install/../src/ros2_examples/extended_examples) by extension 'colcon_pkg'
[0.220s] Level 1:colcon.colcon_core.package_identification:_identify(/home/klaxalk/ws/install/../src/ros2_examples/extended_examples) by extensions ['colcon_meta']
[0.220s] Level 1:colcon.colcon_core.package_identification:_identify(/home/klaxalk/ws/install/../src/ros2_examples/extended_examples) by extension 'colcon_meta'
[0.220s] Level 1:colcon.colcon_core.package_identification:_identify(/home/klaxalk/ws/install/../src/ros2_examples/extended_examples) by extensions ['ros']
[0.220s] Level 1:colcon.colcon_core.package_identification:_identify(/home/klaxalk/ws/install/../src/ros2_examples/extended_examples) by extension 'ros'
[0.220s] Level 1:colcon.colcon_core.package_identification:_identify(/home/klaxalk/ws/install/../src/ros2_examples/extended_examples) by extensions ['cmake', 'python']
[0.220s] Level 1:colcon.colcon_core.package_identification:_identify(/home/klaxalk/ws/install/../src/ros2_examples/extended_examples) by extension 'cmake'
[0.220s] Level 1:colcon.colcon_core.package_identification:_identify(/home/klaxalk/ws/install/../src/ros2_examples/extended_examples) by extension 'python'
[0.220s] Level 1:colcon.colcon_core.package_identification:_identify(/home/klaxalk/ws/install/../src/ros2_examples/extended_examples) by extensions ['python_setup_py']
[0.220s] Level 1:colcon.colcon_core.package_identification:_identify(/home/klaxalk/ws/install/../src/ros2_examples/extended_examples) by extension 'python_setup_py'
[0.220s] Level 1:colcon.colcon_core.package_identification:_identify(/home/klaxalk/ws/install/../src/ros2_examples/extended_examples/pluginlib_example) by extensions ['ignore', 'ignore_ament_install']
[0.220s] Level 1:colcon.colcon_core.package_identification:_identify(/home/klaxalk/ws/install/../src/ros2_examples/extended_examples/pluginlib_example) by extension 'ignore'
[0.220s] Level 1:colcon.colcon_core.package_identification:_identify(/home/klaxalk/ws/install/../src/ros2_examples/extended_examples/pluginlib_example) by extension 'ignore_ament_install'
[0.220s] Level 1:colcon.colcon_core.package_identification:_identify(/home/klaxalk/ws/install/../src/ros2_examples/extended_examples/pluginlib_example) by extensions ['colcon_pkg']
[0.220s] Level 1:colcon.colcon_core.package_identification:_identify(/home/klaxalk/ws/install/../src/ros2_examples/extended_examples/pluginlib_example) by extension 'colcon_pkg'
[0.220s] Level 1:colcon.colcon_core.package_identification:_identify(/home/klaxalk/ws/install/../src/ros2_examples/extended_examples/pluginlib_example) by extensions ['colcon_meta']
[0.220s] Level 1:colcon.colcon_core.package_identification:_identify(/home/klaxalk/ws/install/../src/ros2_examples/extended_examples/pluginlib_example) by extension 'colcon_meta'
[0.220s] Level 1:colcon.colcon_core.package_identification:_identify(/home/klaxalk/ws/install/../src/ros2_examples/extended_examples/pluginlib_example) by extensions ['ros']
[0.220s] Level 1:colcon.colcon_core.package_identification:_identify(/home/klaxalk/ws/install/../src/ros2_examples/extended_examples/pluginlib_example) by extension 'ros'
[0.220s] Level 1:colcon.colcon_core.package_identification:_identify(/home/klaxalk/ws/install/../src/ros2_examples/extended_examples/pluginlib_example) by extensions ['cmake', 'python']
[0.220s] Level 1:colcon.colcon_core.package_identification:_identify(/home/klaxalk/ws/install/../src/ros2_examples/extended_examples/pluginlib_example) by extension 'cmake'
[0.220s] Level 1:colcon.colcon_core.package_identification:_identify(/home/klaxalk/ws/install/../src/ros2_examples/extended_examples/pluginlib_example) by extension 'python'
[0.221s] Level 1:colcon.colcon_core.package_identification:_identify(/home/klaxalk/ws/install/../src/ros2_examples/extended_examples/pluginlib_example) by extensions ['python_setup_py']
[0.221s] Level 1:colcon.colcon_core.package_identification:_identify(/home/klaxalk/ws/install/../src/ros2_examples/extended_examples/pluginlib_example) by extension 'python_setup_py'
[0.221s] Level 1:colcon.colcon_core.package_identification:_identify(/home/klaxalk/ws/install/../src/ros2_examples/extended_examples/pluginlib_example/example_plugin_manager) by extensions ['ignore', 'ignore_ament_install']
[0.221s] Level 1:colcon.colcon_core.package_identification:_identify(/home/klaxalk/ws/install/../src/ros2_examples/extended_examples/pluginlib_example/example_plugin_manager) by extension 'ignore'
[0.221s] Level 1:colcon.colcon_core.package_identification:_identify(/home/klaxalk/ws/install/../src/ros2_examples/extended_examples/pluginlib_example/example_plugin_manager) by extension 'ignore_ament_install'
[0.221s] Level 1:colcon.colcon_core.package_identification:_identify(/home/klaxalk/ws/install/../src/ros2_examples/extended_examples/pluginlib_example/example_plugin_manager) by extensions ['colcon_pkg']
[0.221s] Level 1:colcon.colcon_core.package_identification:_identify(/home/klaxalk/ws/install/../src/ros2_examples/extended_examples/pluginlib_example/example_plugin_manager) by extension 'colcon_pkg'
[0.221s] Level 1:colcon.colcon_core.package_identification:_identify(/home/klaxalk/ws/install/../src/ros2_examples/extended_examples/pluginlib_example/example_plugin_manager) by extensions ['colcon_meta']
[0.221s] Level 1:colcon.colcon_core.package_identification:_identify(/home/klaxalk/ws/install/../src/ros2_examples/extended_examples/pluginlib_example/example_plugin_manager) by extension 'colcon_meta'
[0.221s] Level 1:colcon.colcon_core.package_identification:_identify(/home/klaxalk/ws/install/../src/ros2_examples/extended_examples/pluginlib_example/example_plugin_manager) by extensions ['ros']
[0.221s] Level 1:colcon.colcon_core.package_identification:_identify(/home/klaxalk/ws/install/../src/ros2_examples/extended_examples/pluginlib_example/example_plugin_manager) by extension 'ros'
[0.222s] DEBUG:colcon.colcon_core.package_identification:Package '/home/klaxalk/ws/install/../src/ros2_examples/extended_examples/pluginlib_example/example_plugin_manager' with type 'ros.ament_cmake' and name 'example_plugin_manager'
[0.222s] Level 1:colcon.colcon_core.package_identification:_identify(/home/klaxalk/ws/install/../src/ros2_examples/extended_examples/pluginlib_example/example_plugins) by extensions ['ignore', 'ignore_ament_install']
[0.222s] Level 1:colcon.colcon_core.package_identification:_identify(/home/klaxalk/ws/install/../src/ros2_examples/extended_examples/pluginlib_example/example_plugins) by extension 'ignore'
[0.222s] Level 1:colcon.colcon_core.package_identification:_identify(/home/klaxalk/ws/install/../src/ros2_examples/extended_examples/pluginlib_example/example_plugins) by extension 'ignore_ament_install'
[0.222s] Level 1:colcon.colcon_core.package_identification:_identify(/home/klaxalk/ws/install/../src/ros2_examples/extended_examples/pluginlib_example/example_plugins) by extensions ['colcon_pkg']
[0.222s] Level 1:colcon.colcon_core.package_identification:_identify(/home/klaxalk/ws/install/../src/ros2_examples/extended_examples/pluginlib_example/example_plugins) by extension 'colcon_pkg'
[0.222s] Level 1:colcon.colcon_core.package_identification:_identify(/home/klaxalk/ws/install/../src/ros2_examples/extended_examples/pluginlib_example/example_plugins) by extensions ['colcon_meta']
[0.222s] Level 1:colcon.colcon_core.package_identification:_identify(/home/klaxalk/ws/install/../src/ros2_examples/extended_examples/pluginlib_example/example_plugins) by extension 'colcon_meta'
[0.222s] Level 1:colcon.colcon_core.package_identification:_identify(/home/klaxalk/ws/install/../src/ros2_examples/extended_examples/pluginlib_example/example_plugins) by extensions ['ros']
[0.222s] Level 1:colcon.colcon_core.package_identification:_identify(/home/klaxalk/ws/install/../src/ros2_examples/extended_examples/pluginlib_example/example_plugins) by extension 'ros'
[0.222s] DEBUG:colcon.colcon_core.package_identification:Package '/home/klaxalk/ws/install/../src/ros2_examples/extended_examples/pluginlib_example/example_plugins' with type 'ros.ament_cmake' and name 'example_plugins'
[0.222s] Level 1:colcon.colcon_core.package_identification:_identify(/home/klaxalk/ws/install/../src/ros2_examples/extended_examples/vision_examples) by extensions ['ignore', 'ignore_ament_install']
[0.223s] Level 1:colcon.colcon_core.package_identification:_identify(/home/klaxalk/ws/install/../src/ros2_examples/extended_examples/vision_examples) by extension 'ignore'
[0.223s] Level 1:colcon.colcon_core.package_identification:_identify(/home/klaxalk/ws/install/../src/ros2_examples/extended_examples/vision_examples) by extension 'ignore_ament_install'
[0.223s] Level 1:colcon.colcon_core.package_identification:_identify(/home/klaxalk/ws/install/../src/ros2_examples/extended_examples/vision_examples) by extensions ['colcon_pkg']
[0.223s] Level 1:colcon.colcon_core.package_identification:_identify(/home/klaxalk/ws/install/../src/ros2_examples/extended_examples/vision_examples) by extension 'colcon_pkg'
[0.223s] Level 1:colcon.colcon_core.package_identification:_identify(/home/klaxalk/ws/install/../src/ros2_examples/extended_examples/vision_examples) by extensions ['colcon_meta']
[0.223s] Level 1:colcon.colcon_core.package_identification:_identify(/home/klaxalk/ws/install/../src/ros2_examples/extended_examples/vision_examples) by extension 'colcon_meta'
[0.223s] Level 1:colcon.colcon_core.package_identification:_identify(/home/klaxalk/ws/install/../src/ros2_examples/extended_examples/vision_examples) by extensions ['ros']
[0.223s] Level 1:colcon.colcon_core.package_identification:_identify(/home/klaxalk/ws/install/../src/ros2_examples/extended_examples/vision_examples) by extension 'ros'
[0.223s] Level 1:colcon.colcon_core.package_identification:_identify(/home/klaxalk/ws/install/../src/ros2_examples/extended_examples/vision_examples) by extensions ['cmake', 'python']
[0.223s] Level 1:colcon.colcon_core.package_identification:_identify(/home/klaxalk/ws/install/../src/ros2_examples/extended_examples/vision_examples) by extension 'cmake'
[0.223s] Level 1:colcon.colcon_core.package_identification:_identify(/home/klaxalk/ws/install/../src/ros2_examples/extended_examples/vision_examples) by extension 'python'
[0.223s] Level 1:colcon.colcon_core.package_identification:_identify(/home/klaxalk/ws/install/../src/ros2_examples/extended_examples/vision_examples) by extensions ['python_setup_py']
[0.223s] Level 1:colcon.colcon_core.package_identification:_identify(/home/klaxalk/ws/install/../src/ros2_examples/extended_examples/vision_examples) by extension 'python_setup_py'
[0.223s] Level 1:colcon.colcon_core.package_identification:_identify(/home/klaxalk/ws/install/../src/ros2_examples/extended_examples/vision_examples/example_image_transport) by extensions ['ignore', 'ignore_ament_install']
[0.223s] Level 1:colcon.colcon_core.package_identification:_identify(/home/klaxalk/ws/install/../src/ros2_examples/extended_examples/vision_examples/example_image_transport) by extension 'ignore'
[0.223s] Level 1:colcon.colcon_core.package_identification:_identify(/home/klaxalk/ws/install/../src/ros2_examples/extended_examples/vision_examples/example_image_transport) ignored
[0.223s] Level 1:colcon.colcon_core.package_identification:_identify(/home/klaxalk/ws/install/../src/ros2_examples/extended_examples/vision_examples/vision_examples_utils) by extensions ['ignore', 'ignore_ament_install']
[0.223s] Level 1:colcon.colcon_core.package_identification:_identify(/home/klaxalk/ws/install/../src/ros2_examples/extended_examples/vision_examples/vision_examples_utils) by extension 'ignore'
[0.223s] Level 1:colcon.colcon_core.package_identification:_identify(/home/klaxalk/ws/install/../src/ros2_examples/extended_examples/vision_examples/vision_examples_utils) ignored
[0.223s] Level 1:colcon.colcon_core.package_identification:_identify(/home/klaxalk/ws/install/../src/ros2_examples/ros2_examples) by extensions ['ignore', 'ignore_ament_install']
[0.223s] Level 1:colcon.colcon_core.package_identification:_identify(/home/klaxalk/ws/install/../src/ros2_examples/ros2_examples) by extension 'ignore'
[0.223s] Level 1:colcon.colcon_core.package_identification:_identify(/home/klaxalk/ws/install/../src/ros2_examples/ros2_examples) by extension 'ignore_ament_install'
[0.223s] Level 1:colcon.colcon_core.package_identification:_identify(/home/klaxalk/ws/install/../src/ros2_examples/ros2_examples) by extensions ['colcon_pkg']
[0.223s] Level 1:colcon.colcon_core.package_identification:_identify(/home/klaxalk/ws/install/../src/ros2_examples/ros2_examples) by extension 'colcon_pkg'
[0.223s] Level 1:colcon.colcon_core.package_identification:_identify(/home/klaxalk/ws/install/../src/ros2_examples/ros2_examples) by extensions ['colcon_meta']
[0.223s] Level 1:colcon.colcon_core.package_identification:_identify(/home/klaxalk/ws/install/../src/ros2_examples/ros2_examples) by extension 'colcon_meta'
[0.223s] Level 1:colcon.colcon_core.package_identification:_identify(/home/klaxalk/ws/install/../src/ros2_examples/ros2_examples) by extensions ['ros']
[0.223s] Level 1:colcon.colcon_core.package_identification:_identify(/home/klaxalk/ws/install/../src/ros2_examples/ros2_examples) by extension 'ros'
[0.224s] DEBUG:colcon.colcon_core.package_identification:Package '/home/klaxalk/ws/install/../src/ros2_examples/ros2_examples' with type 'ros.ament_cmake' and name 'ros2_examples'
[0.224s] Level 1:colcon.colcon_core.package_identification:_identify(/home/klaxalk/ws/install/../src/ros2_examples/ros2_lib) by extensions ['ignore', 'ignore_ament_install']
[0.224s] Level 1:colcon.colcon_core.package_identification:_identify(/home/klaxalk/ws/install/../src/ros2_examples/ros2_lib) by extension 'ignore'
[0.224s] Level 1:colcon.colcon_core.package_identification:_identify(/home/klaxalk/ws/install/../src/ros2_examples/ros2_lib) by extension 'ignore_ament_install'
[0.224s] Level 1:colcon.colcon_core.package_identification:_identify(/home/klaxalk/ws/install/../src/ros2_examples/ros2_lib) by extensions ['colcon_pkg']
[0.224s] Level 1:colcon.colcon_core.package_identification:_identify(/home/klaxalk/ws/install/../src/ros2_examples/ros2_lib) by extension 'colcon_pkg'
[0.224s] Level 1:colcon.colcon_core.package_identification:_identify(/home/klaxalk/ws/install/../src/ros2_examples/ros2_lib) by extensions ['colcon_meta']
[0.224s] Level 1:colcon.colcon_core.package_identification:_identify(/home/klaxalk/ws/install/../src/ros2_examples/ros2_lib) by extension 'colcon_meta'
[0.224s] Level 1:colcon.colcon_core.package_identification:_identify(/home/klaxalk/ws/install/../src/ros2_examples/ros2_lib) by extensions ['ros']
[0.224s] Level 1:colcon.colcon_core.package_identification:_identify(/home/klaxalk/ws/install/../src/ros2_examples/ros2_lib) by extension 'ros'
[0.225s] DEBUG:colcon.colcon_core.package_identification:Package '/home/klaxalk/ws/install/../src/ros2_examples/ros2_lib' with type 'ros.ament_cmake' and name 'ros2_lib'
[0.225s] Level 1:colcon.colcon_core.package_identification:_identify(/home/klaxalk/ws/install/../src/ros2_examples/sub_pub_torture_test) by extensions ['ignore', 'ignore_ament_install']
[0.225s] Level 1:colcon.colcon_core.package_identification:_identify(/home/klaxalk/ws/install/../src/ros2_examples/sub_pub_torture_test) by extension 'ignore'
[0.225s] Level 1:colcon.colcon_core.package_identification:_identify(/home/klaxalk/ws/install/../src/ros2_examples/sub_pub_torture_test) by extension 'ignore_ament_install'
[0.225s] Level 1:colcon.colcon_core.package_identification:_identify(/home/klaxalk/ws/install/../src/ros2_examples/sub_pub_torture_test) by extensions ['colcon_pkg']
[0.225s] Level 1:colcon.colcon_core.package_identification:_identify(/home/klaxalk/ws/install/../src/ros2_examples/sub_pub_torture_test) by extension 'colcon_pkg'
[0.225s] Level 1:colcon.colcon_core.package_identification:_identify(/home/klaxalk/ws/install/../src/ros2_examples/sub_pub_torture_test) by extensions ['colcon_meta']
[0.225s] Level 1:colcon.colcon_core.package_identification:_identify(/home/klaxalk/ws/install/../src/ros2_examples/sub_pub_torture_test) by extension 'colcon_meta'
[0.225s] Level 1:colcon.colcon_core.package_identification:_identify(/home/klaxalk/ws/install/../src/ros2_examples/sub_pub_torture_test) by extensions ['ros']
[0.225s] Level 1:colcon.colcon_core.package_identification:_identify(/home/klaxalk/ws/install/../src/ros2_examples/sub_pub_torture_test) by extension 'ros'
[0.226s] DEBUG:colcon.colcon_core.package_identification:Package '/home/klaxalk/ws/install/../src/ros2_examples/sub_pub_torture_test' with type 'ros.ament_cmake' and name 'sub_pub_torture_test'
[0.226s] Level 1:colcon.colcon_core.package_discovery:discover_packages(recursive) using defaults
